<?xml version="1.0" encoding="UTF-8"?>
<!-- Generated by org.testng.reporters.JUnitReportReporter -->
<testsuite hostname="MUMNEWLAPTOP429" failures="0" tests="3" name="Tests.LoginTests" time="29.649" errors="0" timestamp="2025-05-20T21:36:42 IST" skipped="0">
  <testcase classname="Tests.LoginTests" name="loginwithvalid" time="8.984"/>
  <testcase classname="Tests.LoginTests" name="invalidlogin" time="9.053"/>
  <testcase classname="Tests.LoginTests" name="logoutTest" time="11.612"/>
</testsuite> <!-- Tests.LoginTests -->
