<?xml version="1.0" encoding="UTF-8"?>
<!-- Generated by org.testng.reporters.JUnitReportReporter -->
<testsuite hostname="MUMNEWLAPTOP429" failures="0" tests="1" name="Tests.LeaveTests" time="10.039" errors="0" timestamp="2025-05-20T21:36:42 IST" skipped="0">
  <testcase classname="Tests.LeaveTests" name="checkLeaveSection" time="10.039"/>
</testsuite> <!-- Tests.LeaveTests -->
